<?xml version="1.0" encoding="UTF-8"?>
<testsuite xmlns:xsi="http://www.w3.org/2001/XMLSchema-instance" xsi:noNamespaceSchemaLocation="https://maven.apache.org/surefire/maven-surefire-plugin/xsd/surefire-test-report.xsd" version="3.0.2" name="com.triangle.TriangleTest" time="0.68" tests="4" errors="0" skipped="0" failures="0">
  <properties>
[...]
</properties>
  <testcase name="testEquilateral" classname="com.triangle.TriangleTest" time="0.129"/>
  <testcase name="testScalene" classname="com.triangle.TriangleTest" time="0.0"/>
  <testcase name="testIsosceles" classname="com.triangle.TriangleTest" time="0.0"/>
  <testcase name="testInvalid" classname="com.triangle.TriangleTest" time="0.0"/>
</testsuite>